<?xml version="1.0" encoding="UTF-8"?>
<testsuite name="com.tw.MultiplicationTableTest" tests="1" skipped="0" failures="0" errors="0" timestamp="2022-08-30T12:58:30" hostname="MNLITA13-W10" time="0.025">
  <properties/>
  <testcase name="should_return_multiplication_expression_when_multiply_given_multiplicand_2_and_multiplier_3()" classname="com.tw.MultiplicationTableTest" time="0.025"/>
  <system-out><![CDATA[]]></system-out>
  <system-err><![CDATA[]]></system-err>
</testsuite>
